[debug] [2021-03-03T14:11:18.730Z] ----------------------------------------------------------------------
[debug] [2021-03-03T14:11:18.733Z] Command:       /usr/bin/node /usr/local/bin/firebase deploy
[debug] [2021-03-03T14:11:18.733Z] CLI Version:   9.5.0
[debug] [2021-03-03T14:11:18.733Z] Platform:      linux
[debug] [2021-03-03T14:11:18.733Z] Node Version:  v10.19.0
[debug] [2021-03-03T14:11:18.733Z] Time:          Wed Mar 03 2021 17:11:18 GMT+0300 (East Africa Time)
[debug] [2021-03-03T14:11:18.734Z] ----------------------------------------------------------------------
[debug] [2021-03-03T14:11:18.734Z] 
[debug] [2021-03-03T14:11:18.741Z] > command requires scopes: ["email","openid","https://www.googleapis.com/auth/cloudplatformprojects.readonly","https://www.googleapis.com/auth/firebase","https://www.googleapis.com/auth/cloud-platform"]
[debug] [2021-03-03T14:11:18.741Z] > authorizing via signed-in user
[debug] [2021-03-03T14:11:18.741Z] [iam] checking project music-app-9cec9 for permissions ["firebase.projects.get","firebasehosting.sites.update"]
[debug] [2021-03-03T14:11:18.744Z] > refreshing access token with scopes: ["email","https://www.googleapis.com/auth/cloud-platform","https://www.googleapis.com/auth/cloudplatformprojects.readonly","https://www.googleapis.com/auth/firebase","openid"]
[debug] [2021-03-03T14:11:18.744Z] >>> HTTP REQUEST POST https://www.googleapis.com/oauth2/v3/token  
 <request body omitted>
[debug] [2021-03-03T14:11:20.053Z] <<< HTTP RESPONSE 200 {"expires":"Mon, 01 Jan 1990 00:00:00 GMT","pragma":"no-cache","cache-control":"no-cache, no-store, max-age=0, must-revalidate","date":"Wed, 03 Mar 2021 14:11:39 GMT","content-type":"application/json; charset=utf-8","vary":"X-Origin, Referer, Origin,Accept-Encoding","server":"scaffolding on HTTPServer2","x-xss-protection":"0","x-frame-options":"SAMEORIGIN","x-content-type-options":"nosniff","alt-svc":"h3-29=\":443\"; ma=2592000,h3-T051=\":443\"; ma=2592000,h3-Q050=\":443\"; ma=2592000,h3-Q046=\":443\"; ma=2592000,h3-Q043=\":443\"; ma=2592000,quic=\":443\"; ma=2592000; v=\"46,43\"","accept-ranges":"none","transfer-encoding":"chunked"}
[debug] [2021-03-03T14:11:20.104Z] >>> HTTP REQUEST POST https://cloudresourcemanager.googleapis.com/v1/projects/music-app-9cec9:testIamPermissions  
 {"permissions":["firebase.projects.get","firebasehosting.sites.update"]}
[debug] [2021-03-03T14:11:22.296Z] <<< HTTP RESPONSE 200 {"content-type":"application/json; charset=UTF-8","vary":"X-Origin, Referer, Origin,Accept-Encoding","date":"Wed, 03 Mar 2021 14:11:41 GMT","server":"ESF","cache-control":"private","x-xss-protection":"0","x-frame-options":"SAMEORIGIN","x-content-type-options":"nosniff","server-timing":"gfet4t7; dur=753","alt-svc":"h3-29=\":443\"; ma=2592000,h3-T051=\":443\"; ma=2592000,h3-Q050=\":443\"; ma=2592000,h3-Q046=\":443\"; ma=2592000,h3-Q043=\":443\"; ma=2592000,quic=\":443\"; ma=2592000; v=\"46,43\"","accept-ranges":"none","transfer-encoding":"chunked"}
[debug] [2021-03-03T14:11:22.302Z] > refreshing access token with scopes: []
[debug] [2021-03-03T14:11:22.302Z] >>> HTTP REQUEST POST https://www.googleapis.com/oauth2/v3/token  
 <request body omitted>
[debug] [2021-03-03T14:11:23.218Z] <<< HTTP RESPONSE 200 {"pragma":"no-cache","expires":"Mon, 01 Jan 1990 00:00:00 GMT","date":"Wed, 03 Mar 2021 14:11:42 GMT","cache-control":"no-cache, no-store, max-age=0, must-revalidate","content-type":"application/json; charset=utf-8","vary":"X-Origin, Referer, Origin,Accept-Encoding","server":"scaffolding on HTTPServer2","x-xss-protection":"0","x-frame-options":"SAMEORIGIN","x-content-type-options":"nosniff","alt-svc":"h3-29=\":443\"; ma=2592000,h3-T051=\":443\"; ma=2592000,h3-Q050=\":443\"; ma=2592000,h3-Q046=\":443\"; ma=2592000,h3-Q043=\":443\"; ma=2592000,quic=\":443\"; ma=2592000; v=\"46,43\"","accept-ranges":"none","transfer-encoding":"chunked"}
[debug] [2021-03-03T14:11:23.272Z] >>> [apiv2][query] GET https://firebase.googleapis.com/v1beta1/projects/music-app-9cec9 [none]
[debug] [2021-03-03T14:11:24.970Z] <<< [apiv2][status] GET https://firebase.googleapis.com/v1beta1/projects/music-app-9cec9 200
[debug] [2021-03-03T14:11:24.971Z] <<< [apiv2][body] GET https://firebase.googleapis.com/v1beta1/projects/music-app-9cec9 {"projectId":"music-app-9cec9","projectNumber":"512547288767","displayName":"music app","name":"projects/music-app-9cec9","resources":{"hostingSite":"music-app-9cec9"},"state":"ACTIVE"}
[info] 
[info] === Deploying to 'music-app-9cec9'...
[info] 
[info] i  deploying hosting 
[debug] [2021-03-03T14:11:24.974Z] > refreshing access token with scopes: ["email","https://www.googleapis.com/auth/cloud-platform","https://www.googleapis.com/auth/cloudplatformprojects.readonly","https://www.googleapis.com/auth/firebase","openid"]
[debug] [2021-03-03T14:11:24.974Z] >>> HTTP REQUEST POST https://www.googleapis.com/oauth2/v3/token  
 <request body omitted>
[debug] [2021-03-03T14:11:25.881Z] <<< HTTP RESPONSE 200 {"expires":"Mon, 01 Jan 1990 00:00:00 GMT","date":"Wed, 03 Mar 2021 14:11:45 GMT","pragma":"no-cache","cache-control":"no-cache, no-store, max-age=0, must-revalidate","content-type":"application/json; charset=utf-8","vary":"X-Origin, Referer, Origin,Accept-Encoding","server":"scaffolding on HTTPServer2","x-xss-protection":"0","x-frame-options":"SAMEORIGIN","x-content-type-options":"nosniff","alt-svc":"h3-29=\":443\"; ma=2592000,h3-T051=\":443\"; ma=2592000,h3-Q050=\":443\"; ma=2592000,h3-Q046=\":443\"; ma=2592000,h3-Q043=\":443\"; ma=2592000,quic=\":443\"; ma=2592000; v=\"46,43\"","accept-ranges":"none","transfer-encoding":"chunked"}
[debug] [2021-03-03T14:11:25.927Z] >>> HTTP REQUEST POST https://firebasehosting.googleapis.com/v1beta1/sites/music-app-9cec9/versions  
 {"config":{"rewrites":[{"glob":"**","path":"/index.html"}]},"labels":{"deployment-tool":"cli-firebase"}}
[debug] [2021-03-03T14:11:28.644Z] <<< HTTP RESPONSE 200 {"content-type":"application/json; charset=UTF-8","vary":"X-Origin, Referer, Origin,Accept-Encoding","date":"Wed, 03 Mar 2021 14:11:48 GMT","server":"ESF","cache-control":"private","x-xss-protection":"0","x-frame-options":"SAMEORIGIN","x-content-type-options":"nosniff","alt-svc":"h3-29=\":443\"; ma=2592000,h3-T051=\":443\"; ma=2592000,h3-Q050=\":443\"; ma=2592000,h3-Q046=\":443\"; ma=2592000,h3-Q043=\":443\"; ma=2592000,quic=\":443\"; ma=2592000; v=\"46,43\"","accept-ranges":"none","transfer-encoding":"chunked"}
[info] i  hosting[music-app-9cec9]: beginning deploy... 
[info] i  hosting[music-app-9cec9]: found 18 files in build 
[debug] [2021-03-03T14:11:28.665Z] > refreshing access token with scopes: []
[debug] [2021-03-03T14:11:28.665Z] >>> HTTP REQUEST POST https://www.googleapis.com/oauth2/v3/token  
 <request body omitted>
[debug] [2021-03-03T14:11:28.666Z] [hosting] hash cache [YnVpbGQ] stored for 18 files
[debug] [2021-03-03T14:11:28.666Z] [hosting][hash queue][FINAL] {"max":1,"min":0,"avg":1,"active":0,"complete":18,"success":18,"errored":0,"retried":0,"total":18,"elapsed":3}
[debug] [2021-03-03T14:11:29.567Z] <<< HTTP RESPONSE 200 {"pragma":"no-cache","date":"Wed, 03 Mar 2021 14:11:49 GMT","cache-control":"no-cache, no-store, max-age=0, must-revalidate","expires":"Mon, 01 Jan 1990 00:00:00 GMT","content-type":"application/json; charset=utf-8","vary":"X-Origin, Referer, Origin,Accept-Encoding","server":"scaffolding on HTTPServer2","x-xss-protection":"0","x-frame-options":"SAMEORIGIN","x-content-type-options":"nosniff","alt-svc":"h3-29=\":443\"; ma=2592000,h3-T051=\":443\"; ma=2592000,h3-Q050=\":443\"; ma=2592000,h3-Q046=\":443\"; ma=2592000,h3-Q043=\":443\"; ma=2592000,quic=\":443\"; ma=2592000; v=\"46,43\"","accept-ranges":"none","transfer-encoding":"chunked"}
[debug] [2021-03-03T14:11:29.605Z] >>> [apiv2][query] POST https://firebasehosting.googleapis.com/v1beta1/sites/music-app-9cec9/versions/9dad161a7df51fc3:populateFiles [none]
[debug] [2021-03-03T14:11:29.606Z] >>> [apiv2][body] POST https://firebasehosting.googleapis.com/v1beta1/sites/music-app-9cec9/versions/9dad161a7df51fc3:populateFiles {"files":{"/asset-manifest.json":"80bbfa1162b12c41e92e35fc106afcea995e2fd2ae023a0dbd1bdaab6e5572cf","/favicon.ico":"c599b7a91ab3627e3538125d9f40adc2d4bf949046984262670545dc7738af06","/index.html":"707eac0510fa9cce238e1b887ec3f3454606ef505864af553099023afdf29060","/logo192.png":"76c449ccb9cd117c2f2338f091b18f7050f3210e249b2228f5c81b23f34377cd","/logo512.png":"7779210d56c1f3741e2e487799fe3092def4fa6ac450a60532b807c3a8971205","/manifest.json":"0958a5e0c831126100c8c2d06a6bbaa665a3900f21aaff4130238a6f5a113aa1","/robots.txt":"2544ca049f223a42bff01f72ad930a5edba75bbb7199d0f8430a02ff5aca16ec","/static/css/main.82caa70d.chunk.css":"25411a450b995bee32bcf94e3ccca9b274a931cebc595ff64fd6de8250d73bbc","/static/css/main.82caa70d.chunk.css.map":"8f189a07d65037b97a0872ea8eb35e074693127717e2c9761881845efcea76a8","/static/js/2.06d02e5a.chunk.js":"49149a7473705abb595a4638e4f43ceac4dca41d0e0c6d78b45243d971d62989","/static/js/2.06d02e5a.chunk.js.LICENSE.txt":"9d9bcdbce80b4718717d20d245fdb4b323ae91637a31f8fe33938d5cb8ad18ac","/static/js/2.06d02e5a.chunk.js.map":"20d28f4742e33b0c4ccfa0e1254daa194c2bc6ffc57645973d5b3cacaabb2146","/static/js/main.9481eee6.chunk.js":"01e9e162233814820ad9837bb626be6720deda25f6b71d29a618eb783792698d","/static/js/main.9481eee6.chunk.js.map":"0cfa4292693712d758f5530f00ed047c926e6f8ba1833b077173e602345876e6","/static/js/runtime-main.9b5130b9.js":"3d75a9eff61e39b1763292f14a7b06d5636dd6130aaa649f4a60a0ea536262eb","/static/js/runtime-main.9b5130b9.js.map":"a61d405e6b13e0d6a5fbd83063855dcccbd4f0691fa42df1a1c99097ef8d518f","/static/media/Facading - You And Me [NCS Release].86361aad.mp3":"c3db5e8ad4f84e1ae279847f1efa7bca08027ee3364aead3ecbcc758772b6563","/static/media/Flutter Provider - Advanced Firebase Data Management.85327bf8.mp4":"510abe972abb50e29a5977b13ced8b5d97cc0fabadd3a84332d1408b30580da6"}}
[debug] [2021-03-03T14:11:31.414Z] <<< [apiv2][status] POST https://firebasehosting.googleapis.com/v1beta1/sites/music-app-9cec9/versions/9dad161a7df51fc3:populateFiles 200
[debug] [2021-03-03T14:11:31.414Z] <<< [apiv2][body] POST https://firebasehosting.googleapis.com/v1beta1/sites/music-app-9cec9/versions/9dad161a7df51fc3:populateFiles {"uploadRequiredHashes":["510abe972abb50e29a5977b13ced8b5d97cc0fabadd3a84332d1408b30580da6","c3db5e8ad4f84e1ae279847f1efa7bca08027ee3364aead3ecbcc758772b6563"],"uploadUrl":"https://upload-firebasehosting.googleapis.com/upload/sites/music-app-9cec9/versions/9dad161a7df51fc3/files"}
[debug] [2021-03-03T14:11:31.419Z] >>> [apiv2][query] POST https://upload-firebasehosting.googleapis.com/upload/sites/music-app-9cec9/versions/9dad161a7df51fc3/files/510abe972abb50e29a5977b13ced8b5d97cc0fabadd3a84332d1408b30580da6 [none]
[debug] [2021-03-03T14:11:31.419Z] >>> [apiv2][body] POST https://upload-firebasehosting.googleapis.com/upload/sites/music-app-9cec9/versions/9dad161a7df51fc3/files/510abe972abb50e29a5977b13ced8b5d97cc0fabadd3a84332d1408b30580da6 [stream]
[debug] [2021-03-03T14:11:31.421Z] >>> [apiv2][query] POST https://upload-firebasehosting.googleapis.com/upload/sites/music-app-9cec9/versions/9dad161a7df51fc3/files/c3db5e8ad4f84e1ae279847f1efa7bca08027ee3364aead3ecbcc758772b6563 [none]
[debug] [2021-03-03T14:11:31.421Z] >>> [apiv2][body] POST https://upload-firebasehosting.googleapis.com/upload/sites/music-app-9cec9/versions/9dad161a7df51fc3/files/c3db5e8ad4f84e1ae279847f1efa7bca08027ee3364aead3ecbcc758772b6563 [stream]
[debug] [2021-03-03T14:11:31.422Z] [hosting][populate queue][FINAL] {"max":2754,"min":2754,"avg":2754,"active":0,"complete":1,"success":1,"errored":0,"retried":0,"total":1,"elapsed":2757}
[debug] [2021-03-03T14:11:31.423Z] [hosting] uploads queued: 2
